<?xml version="1.0" encoding="UTF-8"?>
<!-- Generated by org.testng.reporters.JUnitReportReporter -->
<testsuite skipped="0" hostname="LAPTOP-OSEHH6NR" name="runner.TestRunner" tests="1" failures="0" timestamp="2020-05-21T15:23:10 IST" time="83.618" errors="0">
  <testcase name="feature" time="83.618" classname="runner.TestRunner"/>
</testsuite> <!-- runner.TestRunner -->
