<?xml version="1.0" encoding="UTF-8"?>
<testsuite xmlns:xsi="http://www.w3.org/2001/XMLSchema-instance" xsi:noNamespaceSchemaLocation="https://maven.apache.org/surefire/maven-surefire-plugin/xsd/surefire-test-report.xsd" name="TestSuite" time="22.201" tests="7" errors="0" skipped="2" failures="2">
  <properties>
    <property name="java.specification.version" value="13"/>
    <property name="sun.cpu.isalist" value="amd64"/>
    <property name="sun.jnu.encoding" value="Cp1252"/>
    <property name="java.class.path" value="C:\Users\VenkatRaoPulivendula\Desktop\Code\Code\TestAutomationFramework\TestExecutor\target\test-classes;C:\Users\VenkatRaoPulivendula\Desktop\Code\Code\TestAutomationFramework\TestExecutor\target\classes;C:\Users\VenkatRaoPulivendula\.m2\repository\org\testng\testng\7.0.0\testng-7.0.0.jar;C:\Users\VenkatRaoPulivendula\.m2\repository\com\beust\jcommander\1.72\jcommander-1.72.jar;C:\Users\VenkatRaoPulivendula\.m2\repository\com\fasterxml\jackson\core\jackson-databind\2.10.1\jackson-databind-2.10.1.jar;C:\Users\VenkatRaoPulivendula\.m2\repository\com\fasterxml\jackson\core\jackson-annotations\2.10.1\jackson-annotations-2.10.1.jar;C:\Users\VenkatRaoPulivendula\.m2\repository\com\fasterxml\jackson\core\jackson-core\2.10.1\jackson-core-2.10.1.jar;C:\Users\VenkatRaoPulivendula\.m2\repository\com\enquero\driverFactory\1.0-SNAPSHOT\driverFactory-1.0-SNAPSHOT.jar;C:\Users\VenkatRaoPulivendula\.m2\repository\org\seleniumhq\selenium\selenium-chrome-driver\3.141.59\selenium-chrome-driver-3.141.59.jar;C:\Users\VenkatRaoPulivendula\.m2\repository\org\seleniumhq\selenium\selenium-api\3.141.59\selenium-api-3.141.59.jar;C:\Users\VenkatRaoPulivendula\.m2\repository\net\bytebuddy\byte-buddy\1.8.15\byte-buddy-1.8.15.jar;C:\Users\VenkatRaoPulivendula\.m2\repository\org\apache\commons\commons-exec\1.3\commons-exec-1.3.jar;C:\Users\VenkatRaoPulivendula\.m2\repository\com\google\guava\guava\25.0-jre\guava-25.0-jre.jar;C:\Users\VenkatRaoPulivendula\.m2\repository\com\google\code\findbugs\jsr305\1.3.9\jsr305-1.3.9.jar;C:\Users\VenkatRaoPulivendula\.m2\repository\org\checkerframework\checker-compat-qual\2.0.0\checker-compat-qual-2.0.0.jar;C:\Users\VenkatRaoPulivendula\.m2\repository\com\google\errorprone\error_prone_annotations\2.1.3\error_prone_annotations-2.1.3.jar;C:\Users\VenkatRaoPulivendula\.m2\repository\com\google\j2objc\j2objc-annotations\1.1\j2objc-annotations-1.1.jar;C:\Users\VenkatRaoPulivendula\.m2\repository\org\codehaus\mojo\animal-sniffer-annotations\1.14\animal-sniffer-annotations-1.14.jar;C:\Users\VenkatRaoPulivendula\.m2\repository\com\squareup\okhttp3\okhttp\3.11.0\okhttp-3.11.0.jar;C:\Users\VenkatRaoPulivendula\.m2\repository\com\squareup\okio\okio\1.14.0\okio-1.14.0.jar;C:\Users\VenkatRaoPulivendula\.m2\repository\io\github\bonigarcia\webdrivermanager\3.6.2\webdrivermanager-3.6.2.jar;C:\Users\VenkatRaoPulivendula\.m2\repository\org\slf4j\slf4j-api\1.7.25\slf4j-api-1.7.25.jar;C:\Users\VenkatRaoPulivendula\.m2\repository\com\google\code\gson\gson\2.8.5\gson-2.8.5.jar;C:\Users\VenkatRaoPulivendula\.m2\repository\org\apache\commons\commons-lang3\3.8.1\commons-lang3-3.8.1.jar;C:\Users\VenkatRaoPulivendula\.m2\repository\org\apache\httpcomponents\httpclient\4.5.6\httpclient-4.5.6.jar;C:\Users\VenkatRaoPulivendula\.m2\repository\org\apache\httpcomponents\httpcore\4.4.10\httpcore-4.4.10.jar;C:\Users\VenkatRaoPulivendula\.m2\repository\commons-logging\commons-logging\1.2\commons-logging-1.2.jar;C:\Users\VenkatRaoPulivendula\.m2\repository\org\rauschig\jarchivelib\1.0.0\jarchivelib-1.0.0.jar;C:\Users\VenkatRaoPulivendula\.m2\repository\io\appium\java-client\7.2.0\java-client-7.2.0.jar;C:\Users\VenkatRaoPulivendula\.m2\repository\org\seleniumhq\selenium\selenium-java\3.141.59\selenium-java-3.141.59.jar;C:\Users\VenkatRaoPulivendula\.m2\repository\org\seleniumhq\selenium\selenium-edge-driver\3.141.59\selenium-edge-driver-3.141.59.jar;C:\Users\VenkatRaoPulivendula\.m2\repository\org\seleniumhq\selenium\selenium-firefox-driver\3.141.59\selenium-firefox-driver-3.141.59.jar;C:\Users\VenkatRaoPulivendula\.m2\repository\org\seleniumhq\selenium\selenium-ie-driver\3.141.59\selenium-ie-driver-3.141.59.jar;C:\Users\VenkatRaoPulivendula\.m2\repository\org\seleniumhq\selenium\selenium-opera-driver\3.141.59\selenium-opera-driver-3.141.59.jar;C:\Users\VenkatRaoPulivendula\.m2\repository\org\seleniumhq\selenium\selenium-safari-driver\3.141.59\selenium-safari-driver-3.141.59.jar;C:\Users\VenkatRaoPulivendula\.m2\repository\org\seleniumhq\selenium\selenium-support\3.141.59\selenium-support-3.141.59.jar;C:\Users\VenkatRaoPulivendula\.m2\repository\cglib\cglib\3.2.12\cglib-3.2.12.jar;C:\Users\VenkatRaoPulivendula\.m2\repository\org\ow2\asm\asm\7.1\asm-7.1.jar;C:\Users\VenkatRaoPulivendula\.m2\repository\commons-validator\commons-validator\1.6\commons-validator-1.6.jar;C:\Users\VenkatRaoPulivendula\.m2\repository\commons-beanutils\commons-beanutils\1.9.2\commons-beanutils-1.9.2.jar;C:\Users\VenkatRaoPulivendula\.m2\repository\commons-digester\commons-digester\1.8.1\commons-digester-1.8.1.jar;C:\Users\VenkatRaoPulivendula\.m2\repository\commons-collections\commons-collections\3.2.2\commons-collections-3.2.2.jar;C:\Users\VenkatRaoPulivendula\.m2\repository\org\springframework\spring-context\5.1.8.RELEASE\spring-context-5.1.8.RELEASE.jar;C:\Users\VenkatRaoPulivendula\.m2\repository\org\springframework\spring-aop\5.1.8.RELEASE\spring-aop-5.1.8.RELEASE.jar;C:\Users\VenkatRaoPulivendula\.m2\repository\org\springframework\spring-beans\5.1.8.RELEASE\spring-beans-5.1.8.RELEASE.jar;C:\Users\VenkatRaoPulivendula\.m2\repository\org\springframework\spring-core\5.1.8.RELEASE\spring-core-5.1.8.RELEASE.jar;C:\Users\VenkatRaoPulivendula\.m2\repository\org\springframework\spring-jcl\5.1.8.RELEASE\spring-jcl-5.1.8.RELEASE.jar;C:\Users\VenkatRaoPulivendula\.m2\repository\org\springframework\spring-expression\5.1.8.RELEASE\spring-expression-5.1.8.RELEASE.jar;C:\Users\VenkatRaoPulivendula\.m2\repository\org\aspectj\aspectjweaver\1.9.4\aspectjweaver-1.9.4.jar;C:\Users\VenkatRaoPulivendula\.m2\repository\org\seleniumhq\selenium\selenium-remote-driver\3.141.59\selenium-remote-driver-3.141.59.jar;C:\Users\VenkatRaoPulivendula\.m2\repository\com\enquero\dataprovider\1.0-SNAPSHOT\dataprovider-1.0-SNAPSHOT.jar;C:\Users\VenkatRaoPulivendula\.m2\repository\commons-io\commons-io\2.6\commons-io-2.6.jar;C:\Users\VenkatRaoPulivendula\.m2\repository\org\apache\poi\poi\4.1.2\poi-4.1.2.jar;C:\Users\VenkatRaoPulivendula\.m2\repository\commons-codec\commons-codec\1.13\commons-codec-1.13.jar;C:\Users\VenkatRaoPulivendula\.m2\repository\org\apache\commons\commons-collections4\4.4\commons-collections4-4.4.jar;C:\Users\VenkatRaoPulivendula\.m2\repository\org\apache\commons\commons-math3\3.6.1\commons-math3-3.6.1.jar;C:\Users\VenkatRaoPulivendula\.m2\repository\com\zaxxer\SparseBitSet\1.2\SparseBitSet-1.2.jar;C:\Users\VenkatRaoPulivendula\.m2\repository\org\apache\poi\poi-ooxml\4.1.2\poi-ooxml-4.1.2.jar;C:\Users\VenkatRaoPulivendula\.m2\repository\org\apache\poi\poi-ooxml-schemas\4.1.2\poi-ooxml-schemas-4.1.2.jar;C:\Users\VenkatRaoPulivendula\.m2\repository\org\apache\xmlbeans\xmlbeans\3.1.0\xmlbeans-3.1.0.jar;C:\Users\VenkatRaoPulivendula\.m2\repository\org\apache\commons\commons-compress\1.19\commons-compress-1.19.jar;C:\Users\VenkatRaoPulivendula\.m2\repository\com\github\virtuald\curvesapi\1.06\curvesapi-1.06.jar;C:\Users\VenkatRaoPulivendula\.m2\repository\org\json\json\20190722\json-20190722.jar;C:\Users\VenkatRaoPulivendula\.m2\repository\com\googlecode\json-simple\json-simple\1.1.1\json-simple-1.1.1.jar;C:\Users\VenkatRaoPulivendula\.m2\repository\junit\junit\4.10\junit-4.10.jar;C:\Users\VenkatRaoPulivendula\.m2\repository\com\enquero\api_utility\1.0-SNAPSHOT\api_utility-1.0-SNAPSHOT.jar;C:\Users\VenkatRaoPulivendula\.m2\repository\io\rest-assured\rest-assured\3.0.6\rest-assured-3.0.6.jar;C:\Users\VenkatRaoPulivendula\.m2\repository\org\codehaus\groovy\groovy\2.4.12\groovy-2.4.12.jar;C:\Users\VenkatRaoPulivendula\.m2\repository\org\codehaus\groovy\groovy-xml\2.4.12\groovy-xml-2.4.12.jar;C:\Users\VenkatRaoPulivendula\.m2\repository\org\apache\httpcomponents\httpmime\4.5.1\httpmime-4.5.1.jar;C:\Users\VenkatRaoPulivendula\.m2\repository\org\hamcrest\hamcrest-core\1.3\hamcrest-core-1.3.jar;C:\Users\VenkatRaoPulivendula\.m2\repository\org\hamcrest\hamcrest-library\1.3\hamcrest-library-1.3.jar;C:\Users\VenkatRaoPulivendula\.m2\repository\org\ccil\cowan\tagsoup\tagsoup\1.2.1\tagsoup-1.2.1.jar;C:\Users\VenkatRaoPulivendula\.m2\repository\io\rest-assured\json-path\3.0.6\json-path-3.0.6.jar;C:\Users\VenkatRaoPulivendula\.m2\repository\org\codehaus\groovy\groovy-json\2.4.12\groovy-json-2.4.12.jar;C:\Users\VenkatRaoPulivendula\.m2\repository\io\rest-assured\rest-assured-common\3.0.6\rest-assured-common-3.0.6.jar;C:\Users\VenkatRaoPulivendula\.m2\repository\io\rest-assured\xml-path\3.0.6\xml-path-3.0.6.jar;C:\Users\VenkatRaoPulivendula\.m2\repository\com\enquero\reporter\1.0-SNAPSHOT\reporter-1.0-SNAPSHOT.jar;C:\Users\VenkatRaoPulivendula\.m2\repository\com\aventstack\extentreports\3.0.7\extentreports-3.0.7.jar;C:\Users\VenkatRaoPulivendula\.m2\repository\org\mongodb\mongodb-driver\3.3.0\mongodb-driver-3.3.0.jar;C:\Users\VenkatRaoPulivendula\.m2\repository\org\mongodb\bson\3.3.0\bson-3.3.0.jar;C:\Users\VenkatRaoPulivendula\.m2\repository\org\mongodb\mongodb-driver-core\3.3.0\mongodb-driver-core-3.3.0.jar;C:\Users\VenkatRaoPulivendula\.m2\repository\log4j\log4j\1.2.17\log4j-1.2.17.jar;C:\Users\VenkatRaoPulivendula\.m2\repository\org\apache\logging\log4j\log4j-core\2.13.0\log4j-core-2.13.0.jar;C:\Users\VenkatRaoPulivendula\.m2\repository\org\apache\logging\log4j\log4j-api\2.13.0\log4j-api-2.13.0.jar;C:\Users\VenkatRaoPulivendula\.m2\repository\org\freemarker\freemarker\2.3.23\freemarker-2.3.23.jar;C:\Users\VenkatRaoPulivendula\.m2\repository\org\jsoup\jsoup\1.8.3\jsoup-1.8.3.jar;C:\Users\VenkatRaoPulivendula\.m2\repository\com\assertthat\selenium-shutterbug\0.9.3\selenium-shutterbug-0.9.3.jar;C:\Users\VenkatRaoPulivendula\.m2\repository\org\projectlombok\lombok\1.18.8\lombok-1.18.8.jar;C:\Users\VenkatRaoPulivendula\.m2\repository\com\github\zafarkhaja\java-semver\0.9.0\java-semver-0.9.0.jar;C:\Users\VenkatRaoPulivendula\.m2\repository\io\qameta\allure\allure-java-commons\2.12.0\allure-java-commons-2.12.0.jar;C:\Users\VenkatRaoPulivendula\.m2\repository\io\qameta\allure\allure-model\2.12.0\allure-model-2.12.0.jar;C:\Users\VenkatRaoPulivendula\.m2\repository\org\apache\tika\tika-core\1.20\tika-core-1.20.jar;C:\Users\VenkatRaoPulivendula\.m2\repository\org\jooq\joor-java-8\0.9.10\joor-java-8-0.9.10.jar;C:\Users\VenkatRaoPulivendula\.m2\repository\com\enquero\common_utility\1.0-SNAPSHOT\common_utility-1.0-SNAPSHOT.jar;C:\Users\VenkatRaoPulivendula\.m2\repository\io\qameta\allure\allure-testng\2.12.0\allure-testng-2.12.0.jar;C:\Users\VenkatRaoPulivendula\.m2\repository\javax\xml\bind\jaxb-api\2.3.1\jaxb-api-2.3.1.jar;C:\Users\VenkatRaoPulivendula\.m2\repository\javax\activation\javax.activation-api\1.2.0\javax.activation-api-1.2.0.jar;"/>
    <property name="java.vm.vendor" value="Oracle Corporation"/>
    <property name="sun.arch.data.model" value="64"/>
    <property name="user.variant" value=""/>
    <property name="java.vendor.url" value="https://java.oracle.com/"/>
    <property name="user.timezone" value="Asia/Calcutta"/>
    <property name="os.name" value="Windows 10"/>
    <property name="java.vm.specification.version" value="13"/>
    <property name="sun.java.launcher" value="SUN_STANDARD"/>
    <property name="user.country" value="IN"/>
    <property name="sun.boot.library.path" value="C:\Program Files\Java\jdk-13\bin"/>
    <property name="sun.java.command" value="C:\Users\VENKAT~1\AppData\Local\Temp\surefire13545703707372960516\surefirebooter7220261963439968875.jar C:\Users\VenkatRaoPulivendula\AppData\Local\Temp\surefire13545703707372960516 2020-05-27T18-29-23_408-jvmRun1 surefire6155465789750663545tmp surefire_011116320501915536941tmp"/>
    <property name="jdk.debug" value="release"/>
    <property name="surefire.test.class.path" value="C:\Users\VenkatRaoPulivendula\Desktop\Code\Code\TestAutomationFramework\TestExecutor\target\test-classes;C:\Users\VenkatRaoPulivendula\Desktop\Code\Code\TestAutomationFramework\TestExecutor\target\classes;C:\Users\VenkatRaoPulivendula\.m2\repository\org\testng\testng\7.0.0\testng-7.0.0.jar;C:\Users\VenkatRaoPulivendula\.m2\repository\com\beust\jcommander\1.72\jcommander-1.72.jar;C:\Users\VenkatRaoPulivendula\.m2\repository\com\fasterxml\jackson\core\jackson-databind\2.10.1\jackson-databind-2.10.1.jar;C:\Users\VenkatRaoPulivendula\.m2\repository\com\fasterxml\jackson\core\jackson-annotations\2.10.1\jackson-annotations-2.10.1.jar;C:\Users\VenkatRaoPulivendula\.m2\repository\com\fasterxml\jackson\core\jackson-core\2.10.1\jackson-core-2.10.1.jar;C:\Users\VenkatRaoPulivendula\.m2\repository\com\enquero\driverFactory\1.0-SNAPSHOT\driverFactory-1.0-SNAPSHOT.jar;C:\Users\VenkatRaoPulivendula\.m2\repository\org\seleniumhq\selenium\selenium-chrome-driver\3.141.59\selenium-chrome-driver-3.141.59.jar;C:\Users\VenkatRaoPulivendula\.m2\repository\org\seleniumhq\selenium\selenium-api\3.141.59\selenium-api-3.141.59.jar;C:\Users\VenkatRaoPulivendula\.m2\repository\net\bytebuddy\byte-buddy\1.8.15\byte-buddy-1.8.15.jar;C:\Users\VenkatRaoPulivendula\.m2\repository\org\apache\commons\commons-exec\1.3\commons-exec-1.3.jar;C:\Users\VenkatRaoPulivendula\.m2\repository\com\google\guava\guava\25.0-jre\guava-25.0-jre.jar;C:\Users\VenkatRaoPulivendula\.m2\repository\com\google\code\findbugs\jsr305\1.3.9\jsr305-1.3.9.jar;C:\Users\VenkatRaoPulivendula\.m2\repository\org\checkerframework\checker-compat-qual\2.0.0\checker-compat-qual-2.0.0.jar;C:\Users\VenkatRaoPulivendula\.m2\repository\com\google\errorprone\error_prone_annotations\2.1.3\error_prone_annotations-2.1.3.jar;C:\Users\VenkatRaoPulivendula\.m2\repository\com\google\j2objc\j2objc-annotations\1.1\j2objc-annotations-1.1.jar;C:\Users\VenkatRaoPulivendula\.m2\repository\org\codehaus\mojo\animal-sniffer-annotations\1.14\animal-sniffer-annotations-1.14.jar;C:\Users\VenkatRaoPulivendula\.m2\repository\com\squareup\okhttp3\okhttp\3.11.0\okhttp-3.11.0.jar;C:\Users\VenkatRaoPulivendula\.m2\repository\com\squareup\okio\okio\1.14.0\okio-1.14.0.jar;C:\Users\VenkatRaoPulivendula\.m2\repository\io\github\bonigarcia\webdrivermanager\3.6.2\webdrivermanager-3.6.2.jar;C:\Users\VenkatRaoPulivendula\.m2\repository\org\slf4j\slf4j-api\1.7.25\slf4j-api-1.7.25.jar;C:\Users\VenkatRaoPulivendula\.m2\repository\com\google\code\gson\gson\2.8.5\gson-2.8.5.jar;C:\Users\VenkatRaoPulivendula\.m2\repository\org\apache\commons\commons-lang3\3.8.1\commons-lang3-3.8.1.jar;C:\Users\VenkatRaoPulivendula\.m2\repository\org\apache\httpcomponents\httpclient\4.5.6\httpclient-4.5.6.jar;C:\Users\VenkatRaoPulivendula\.m2\repository\org\apache\httpcomponents\httpcore\4.4.10\httpcore-4.4.10.jar;C:\Users\VenkatRaoPulivendula\.m2\repository\commons-logging\commons-logging\1.2\commons-logging-1.2.jar;C:\Users\VenkatRaoPulivendula\.m2\repository\org\rauschig\jarchivelib\1.0.0\jarchivelib-1.0.0.jar;C:\Users\VenkatRaoPulivendula\.m2\repository\io\appium\java-client\7.2.0\java-client-7.2.0.jar;C:\Users\VenkatRaoPulivendula\.m2\repository\org\seleniumhq\selenium\selenium-java\3.141.59\selenium-java-3.141.59.jar;C:\Users\VenkatRaoPulivendula\.m2\repository\org\seleniumhq\selenium\selenium-edge-driver\3.141.59\selenium-edge-driver-3.141.59.jar;C:\Users\VenkatRaoPulivendula\.m2\repository\org\seleniumhq\selenium\selenium-firefox-driver\3.141.59\selenium-firefox-driver-3.141.59.jar;C:\Users\VenkatRaoPulivendula\.m2\repository\org\seleniumhq\selenium\selenium-ie-driver\3.141.59\selenium-ie-driver-3.141.59.jar;C:\Users\VenkatRaoPulivendula\.m2\repository\org\seleniumhq\selenium\selenium-opera-driver\3.141.59\selenium-opera-driver-3.141.59.jar;C:\Users\VenkatRaoPulivendula\.m2\repository\org\seleniumhq\selenium\selenium-safari-driver\3.141.59\selenium-safari-driver-3.141.59.jar;C:\Users\VenkatRaoPulivendula\.m2\repository\org\seleniumhq\selenium\selenium-support\3.141.59\selenium-support-3.141.59.jar;C:\Users\VenkatRaoPulivendula\.m2\repository\cglib\cglib\3.2.12\cglib-3.2.12.jar;C:\Users\VenkatRaoPulivendula\.m2\repository\org\ow2\asm\asm\7.1\asm-7.1.jar;C:\Users\VenkatRaoPulivendula\.m2\repository\commons-validator\commons-validator\1.6\commons-validator-1.6.jar;C:\Users\VenkatRaoPulivendula\.m2\repository\commons-beanutils\commons-beanutils\1.9.2\commons-beanutils-1.9.2.jar;C:\Users\VenkatRaoPulivendula\.m2\repository\commons-digester\commons-digester\1.8.1\commons-digester-1.8.1.jar;C:\Users\VenkatRaoPulivendula\.m2\repository\commons-collections\commons-collections\3.2.2\commons-collections-3.2.2.jar;C:\Users\VenkatRaoPulivendula\.m2\repository\org\springframework\spring-context\5.1.8.RELEASE\spring-context-5.1.8.RELEASE.jar;C:\Users\VenkatRaoPulivendula\.m2\repository\org\springframework\spring-aop\5.1.8.RELEASE\spring-aop-5.1.8.RELEASE.jar;C:\Users\VenkatRaoPulivendula\.m2\repository\org\springframework\spring-beans\5.1.8.RELEASE\spring-beans-5.1.8.RELEASE.jar;C:\Users\VenkatRaoPulivendula\.m2\repository\org\springframework\spring-core\5.1.8.RELEASE\spring-core-5.1.8.RELEASE.jar;C:\Users\VenkatRaoPulivendula\.m2\repository\org\springframework\spring-jcl\5.1.8.RELEASE\spring-jcl-5.1.8.RELEASE.jar;C:\Users\VenkatRaoPulivendula\.m2\repository\org\springframework\spring-expression\5.1.8.RELEASE\spring-expression-5.1.8.RELEASE.jar;C:\Users\VenkatRaoPulivendula\.m2\repository\org\aspectj\aspectjweaver\1.9.4\aspectjweaver-1.9.4.jar;C:\Users\VenkatRaoPulivendula\.m2\repository\org\seleniumhq\selenium\selenium-remote-driver\3.141.59\selenium-remote-driver-3.141.59.jar;C:\Users\VenkatRaoPulivendula\.m2\repository\com\enquero\dataprovider\1.0-SNAPSHOT\dataprovider-1.0-SNAPSHOT.jar;C:\Users\VenkatRaoPulivendula\.m2\repository\commons-io\commons-io\2.6\commons-io-2.6.jar;C:\Users\VenkatRaoPulivendula\.m2\repository\org\apache\poi\poi\4.1.2\poi-4.1.2.jar;C:\Users\VenkatRaoPulivendula\.m2\repository\commons-codec\commons-codec\1.13\commons-codec-1.13.jar;C:\Users\VenkatRaoPulivendula\.m2\repository\org\apache\commons\commons-collections4\4.4\commons-collections4-4.4.jar;C:\Users\VenkatRaoPulivendula\.m2\repository\org\apache\commons\commons-math3\3.6.1\commons-math3-3.6.1.jar;C:\Users\VenkatRaoPulivendula\.m2\repository\com\zaxxer\SparseBitSet\1.2\SparseBitSet-1.2.jar;C:\Users\VenkatRaoPulivendula\.m2\repository\org\apache\poi\poi-ooxml\4.1.2\poi-ooxml-4.1.2.jar;C:\Users\VenkatRaoPulivendula\.m2\repository\org\apache\poi\poi-ooxml-schemas\4.1.2\poi-ooxml-schemas-4.1.2.jar;C:\Users\VenkatRaoPulivendula\.m2\repository\org\apache\xmlbeans\xmlbeans\3.1.0\xmlbeans-3.1.0.jar;C:\Users\VenkatRaoPulivendula\.m2\repository\org\apache\commons\commons-compress\1.19\commons-compress-1.19.jar;C:\Users\VenkatRaoPulivendula\.m2\repository\com\github\virtuald\curvesapi\1.06\curvesapi-1.06.jar;C:\Users\VenkatRaoPulivendula\.m2\repository\org\json\json\20190722\json-20190722.jar;C:\Users\VenkatRaoPulivendula\.m2\repository\com\googlecode\json-simple\json-simple\1.1.1\json-simple-1.1.1.jar;C:\Users\VenkatRaoPulivendula\.m2\repository\junit\junit\4.10\junit-4.10.jar;C:\Users\VenkatRaoPulivendula\.m2\repository\com\enquero\api_utility\1.0-SNAPSHOT\api_utility-1.0-SNAPSHOT.jar;C:\Users\VenkatRaoPulivendula\.m2\repository\io\rest-assured\rest-assured\3.0.6\rest-assured-3.0.6.jar;C:\Users\VenkatRaoPulivendula\.m2\repository\org\codehaus\groovy\groovy\2.4.12\groovy-2.4.12.jar;C:\Users\VenkatRaoPulivendula\.m2\repository\org\codehaus\groovy\groovy-xml\2.4.12\groovy-xml-2.4.12.jar;C:\Users\VenkatRaoPulivendula\.m2\repository\org\apache\httpcomponents\httpmime\4.5.1\httpmime-4.5.1.jar;C:\Users\VenkatRaoPulivendula\.m2\repository\org\hamcrest\hamcrest-core\1.3\hamcrest-core-1.3.jar;C:\Users\VenkatRaoPulivendula\.m2\repository\org\hamcrest\hamcrest-library\1.3\hamcrest-library-1.3.jar;C:\Users\VenkatRaoPulivendula\.m2\repository\org\ccil\cowan\tagsoup\tagsoup\1.2.1\tagsoup-1.2.1.jar;C:\Users\VenkatRaoPulivendula\.m2\repository\io\rest-assured\json-path\3.0.6\json-path-3.0.6.jar;C:\Users\VenkatRaoPulivendula\.m2\repository\org\codehaus\groovy\groovy-json\2.4.12\groovy-json-2.4.12.jar;C:\Users\VenkatRaoPulivendula\.m2\repository\io\rest-assured\rest-assured-common\3.0.6\rest-assured-common-3.0.6.jar;C:\Users\VenkatRaoPulivendula\.m2\repository\io\rest-assured\xml-path\3.0.6\xml-path-3.0.6.jar;C:\Users\VenkatRaoPulivendula\.m2\repository\com\enquero\reporter\1.0-SNAPSHOT\reporter-1.0-SNAPSHOT.jar;C:\Users\VenkatRaoPulivendula\.m2\repository\com\aventstack\extentreports\3.0.7\extentreports-3.0.7.jar;C:\Users\VenkatRaoPulivendula\.m2\repository\org\mongodb\mongodb-driver\3.3.0\mongodb-driver-3.3.0.jar;C:\Users\VenkatRaoPulivendula\.m2\repository\org\mongodb\bson\3.3.0\bson-3.3.0.jar;C:\Users\VenkatRaoPulivendula\.m2\repository\org\mongodb\mongodb-driver-core\3.3.0\mongodb-driver-core-3.3.0.jar;C:\Users\VenkatRaoPulivendula\.m2\repository\log4j\log4j\1.2.17\log4j-1.2.17.jar;C:\Users\VenkatRaoPulivendula\.m2\repository\org\apache\logging\log4j\log4j-core\2.13.0\log4j-core-2.13.0.jar;C:\Users\VenkatRaoPulivendula\.m2\repository\org\apache\logging\log4j\log4j-api\2.13.0\log4j-api-2.13.0.jar;C:\Users\VenkatRaoPulivendula\.m2\repository\org\freemarker\freemarker\2.3.23\freemarker-2.3.23.jar;C:\Users\VenkatRaoPulivendula\.m2\repository\org\jsoup\jsoup\1.8.3\jsoup-1.8.3.jar;C:\Users\VenkatRaoPulivendula\.m2\repository\com\assertthat\selenium-shutterbug\0.9.3\selenium-shutterbug-0.9.3.jar;C:\Users\VenkatRaoPulivendula\.m2\repository\org\projectlombok\lombok\1.18.8\lombok-1.18.8.jar;C:\Users\VenkatRaoPulivendula\.m2\repository\com\github\zafarkhaja\java-semver\0.9.0\java-semver-0.9.0.jar;C:\Users\VenkatRaoPulivendula\.m2\repository\io\qameta\allure\allure-java-commons\2.12.0\allure-java-commons-2.12.0.jar;C:\Users\VenkatRaoPulivendula\.m2\repository\io\qameta\allure\allure-model\2.12.0\allure-model-2.12.0.jar;C:\Users\VenkatRaoPulivendula\.m2\repository\org\apache\tika\tika-core\1.20\tika-core-1.20.jar;C:\Users\VenkatRaoPulivendula\.m2\repository\org\jooq\joor-java-8\0.9.10\joor-java-8-0.9.10.jar;C:\Users\VenkatRaoPulivendula\.m2\repository\com\enquero\common_utility\1.0-SNAPSHOT\common_utility-1.0-SNAPSHOT.jar;C:\Users\VenkatRaoPulivendula\.m2\repository\io\qameta\allure\allure-testng\2.12.0\allure-testng-2.12.0.jar;C:\Users\VenkatRaoPulivendula\.m2\repository\javax\xml\bind\jaxb-api\2.3.1\jaxb-api-2.3.1.jar;C:\Users\VenkatRaoPulivendula\.m2\repository\javax\activation\javax.activation-api\1.2.0\javax.activation-api-1.2.0.jar;"/>
    <property name="sun.cpu.endian" value="little"/>
    <property name="user.home" value="C:\Users\VenkatRaoPulivendula"/>
    <property name="user.language" value="en"/>
    <property name="java.specification.vendor" value="Oracle Corporation"/>
    <property name="java.version.date" value="2019-09-17"/>
    <property name="java.home" value="C:\Program Files\Java\jdk-13"/>
    <property name="file.separator" value="\"/>
    <property name="basedir" value="C:\Users\VenkatRaoPulivendula\Desktop\Code\Code\TestAutomationFramework\TestExecutor"/>
    <property name="java.vm.compressedOopsMode" value="Zero based"/>
    <property name="line.separator" value="&#10;"/>
    <property name="java.vm.specification.vendor" value="Oracle Corporation"/>
    <property name="java.specification.name" value="Java Platform API Specification"/>
    <property name="idea.version2020.1.1" value="true"/>
    <property name="surefire.real.class.path" value="C:\Users\VENKAT~1\AppData\Local\Temp\surefire13545703707372960516\surefirebooter7220261963439968875.jar"/>
    <property name="user.script" value=""/>
    <property name="sun.management.compiler" value="HotSpot 64-Bit Tiered Compilers"/>
    <property name="java.runtime.version" value="13+33"/>
    <property name="user.name" value="VenkatRaoPulivendula"/>
    <property name="path.separator" value=";"/>
    <property name="os.version" value="10.0"/>
    <property name="java.runtime.name" value="Java(TM) SE Runtime Environment"/>
    <property name="file.encoding" value="Cp1252"/>
    <property name="java.vm.name" value="Java HotSpot(TM) 64-Bit Server VM"/>
    <property name="localRepository" value="C:\Users\VenkatRaoPulivendula\.m2\repository"/>
    <property name="java.vendor.url.bug" value="https://bugreport.java.com/bugreport/"/>
    <property name="java.io.tmpdir" value="C:\Users\VENKAT~1\AppData\Local\Temp\"/>
    <property name="java.version" value="13"/>
    <property name="user.dir" value="C:\Users\VenkatRaoPulivendula\Desktop\Code\Code\TestAutomationFramework\TestExecutor"/>
    <property name="os.arch" value="amd64"/>
    <property name="java.vm.specification.name" value="Java Virtual Machine Specification"/>
    <property name="sun.os.patch.level" value=""/>
    <property name="java.library.path" value="C:\Program Files\Java\jdk-13\bin;C:\Windows\Sun\Java\bin;C:\Windows\system32;C:\Windows;C:\Windows\system32;C:\Windows;C:\Windows\System32\Wbem;C:\Windows\System32\WindowsPowerShell\v1.0\;C:\Windows\System32\OpenSSH\;C:\Program Files\Java\jdk1.8.0_202\bin;C:\Program Files\nodejs\;C:\Mobile Automation\sdk-tools-windows-4333796\tools\bin\;C:\Mobile Automation\sdk-tools-windows-4333796\platform-tools\;C:\Mobile Automation\sdk-tools-windows-4333796\build-tools\29.0.2\;C:\Mobile Automation\sdk-tools-windows-4333796\tools\;%JAVA_HOME%\bin;C:\Program Files\Intel\WiFi\bin\;C:\Program Files\Common Files\Intel\WirelessCommon\;C:\apache-maven-3.6.3\bin;C:\Users\VenkatRaoPulivendula\AppData\Local\Microsoft\WindowsApps;C:\Program Files\Java\jdk1.8.0_202\bin;C:\Users\VenkatRaoPulivendula\AppData\Roaming\npm;C:\Program Files\JetBrains\IntelliJ IDEA Community Edition 2020.1.1\bin;;."/>
    <property name="java.vm.info" value="mixed mode, sharing"/>
    <property name="java.vendor" value="Oracle Corporation"/>
    <property name="java.vm.version" value="13+33"/>
    <property name="sun.io.unicode.encoding" value="UnicodeLittle"/>
    <property name="java.class.version" value="57.0"/>
  </properties>
  <testcase name="getEmployeeDetails" classname="com.enquero.api.driscolls.tests.EmployeeTest" time="0">
    <skipped message="expected [success] but found [fail]"/>
    <system-out><![CDATA[***** Test Suite Regression API Test Suite started *******
***** Test Driscolls API App Test Cases started *******
Present Project Directory : C:\Users\VenkatRaoPulivendula\Desktop\Code\Code\TestAutomationFramework\TestExecutor
Directory already exists: C:\Users\VenkatRaoPulivendula\Desktop\Code\Code\TestAutomationFramework\reporter\src\main\java\com\enquero\Testlogs
logfilepath: C:\Users\VenkatRaoPulivendula\Desktop\Code\Code\TestAutomationFramework\reporter\src\main\java\com\enquero\Testlogs\log4j.properties
Testcase name is: DRISCOLLS API APP TEST CASES
entered into API log file...
2020-05-27 18:29:31 INFO  EmployeeTest:57 - main****************** Execution  Started ****************
Running Test Method: getEmployeeDetails
file path: C:\Users\VenkatRaoPulivendula\Desktop\Code\Code\TestAutomationFramework\TestExecutor\src\Reports\Extent_TestReport.html
Directory already exists: C:\Users\VenkatRaoPulivendula\Desktop\Code\Code\TestAutomationFramework\TestExecutor\src\Reports
extentTest: com.aventstack.extentreports.ExtentTest@7a05ce9a
{17=com.aventstack.extentreports.ExtentTest@7a05ce9a}
2020-05-27 18:29:32 INFO  EmployeeTest:66 - TestNG-test=Driscolls API App Test Cases-1 Get Employee tc started
Path is : /api/v1/employees
response is io.restassured.internal.RestAssuredResponseImpl@5ef7a309
res string io.restassured.internal.RestAssuredResponseImpl@5ef7a309
2020-05-27 18:29:35 INFO  EmployeeTest:71 - TestNG-test=Driscolls API App Test Cases-1 Get request is executed Successfully
Retrying test getEmployeeDetails with status FAILURE for the 1 time(s).
*** Test getEmployeeDetails skipped...
]]></system-out>
    <system-err><![CDATA[SLF4J: Failed to load class "org.slf4j.impl.StaticLoggerBinder".
SLF4J: Defaulting to no-operation (NOP) logger implementation
SLF4J: See http://www.slf4j.org/codes.html#StaticLoggerBinder for further details.
]]></system-err>
  </testcase>
  <testcase name="getEmployeeDetails" classname="com.enquero.api.driscolls.tests.EmployeeTest" time="3.707">
    <failure message="expected [success] but found [fail]" type="java.lang.AssertionError">java.lang.AssertionError: expected [success] but found [fail]
	at com.enquero.api.driscolls.tests.EmployeeTest.getEmployeeDetails(EmployeeTest.java:75)
</failure>
    <system-out><![CDATA[Running Test Method: getEmployeeDetails
extentTest: com.aventstack.extentreports.ExtentTest@50296c6b
{17=com.aventstack.extentreports.ExtentTest@50296c6b}
2020-05-27 18:29:37 INFO  EmployeeTest:66 - TestNG-test=Driscolls API App Test Cases-1 Get Employee tc started
Path is : /api/v1/employees
response is io.restassured.internal.RestAssuredResponseImpl@74715313
res string io.restassured.internal.RestAssuredResponseImpl@74715313
2020-05-27 18:29:37 INFO  EmployeeTest:71 - TestNG-test=Driscolls API App Test Cases-1 Get request is executed Successfully
I am in onTestFailure method getEmployeeDetails failed
The test: nullretried flag is: false
Test case name for bug creationgetEmployeeDetails
]]></system-out>
  </testcase>
  <testcase name="postEmployeeDetails" classname="com.enquero.api.driscolls.tests.EmployeeTest" time="1.006"/>
  <testcase name="getEmployeeIdDetails" classname="com.enquero.api.driscolls.tests.EmployeeTest" time="0">
    <skipped message="&apos;void org.hamcrest.Matcher.describeMismatch(java.lang.Object, org.hamcrest.Description)&apos;"/>
    <system-out><![CDATA[Running Test Method: getEmployeeIdDetails
extentTest: com.aventstack.extentreports.ExtentTest@6ba9e0a5
{17=com.aventstack.extentreports.ExtentTest@6ba9e0a5}
2020-05-27 18:29:41 INFO  EmployeeTest:127 - TestNG-test=Driscolls API App Test Cases-1 Get Employee Details based on ID search tc started
Path is : /api/v1/employee/1
Retrying test getEmployeeIdDetails with status FAILURE for the 1 time(s).
*** Test getEmployeeIdDetails skipped...
]]></system-out>
  </testcase>
  <testcase name="getEmployeeIdDetails" classname="com.enquero.api.driscolls.tests.EmployeeTest" time="2.542">
    <failure message="&apos;void org.hamcrest.Matcher.describeMismatch(java.lang.Object, org.hamcrest.Description)&apos;" type="java.lang.NoSuchMethodError">java.lang.NoSuchMethodError: 'void org.hamcrest.Matcher.describeMismatch(java.lang.Object, org.hamcrest.Description)'
	at com.enquero.api.driscolls.tests.EmployeeTest.getEmployeeIdDetails(EmployeeTest.java:130)
</failure>
    <system-out><![CDATA[Running Test Method: getEmployeeIdDetails
extentTest: com.aventstack.extentreports.ExtentTest@5a3cd1c6
{17=com.aventstack.extentreports.ExtentTest@5a3cd1c6}
2020-05-27 18:29:42 INFO  EmployeeTest:127 - TestNG-test=Driscolls API App Test Cases-1 Get Employee Details based on ID search tc started
Path is : /api/v1/employee/1
I am in onTestFailure method getEmployeeIdDetails failed
The test: nullretried flag is: false
Test case name for bug creationgetEmployeeIdDetails
]]></system-out>
  </testcase>
  <testcase name="updateEmployeeDetails" classname="com.enquero.api.driscolls.tests.EmployeeTest" time="0.902"/>
  <testcase name="deleteEmployeeRecord" classname="com.enquero.api.driscolls.tests.EmployeeTest" time="0.99"/>
</testsuite>