<?xml version="1.0" encoding="UTF-8"?>
<testsuite xmlns:xsi="http://www.w3.org/2001/XMLSchema-instance" xsi:noNamespaceSchemaLocation="https://maven.apache.org/surefire/maven-surefire-plugin/xsd/surefire-test-report.xsd" name="TestSuite" time="28.433" tests="3" errors="0" skipped="0" failures="3">
  <properties>
    <property name="sun.desktop" value="windows"/>
    <property name="awt.toolkit" value="sun.awt.windows.WToolkit"/>
    <property name="file.encoding.pkg" value="sun.io"/>
    <property name="java.specification.version" value="1.8"/>
    <property name="sun.cpu.isalist" value="amd64"/>
    <property name="sun.jnu.encoding" value="Cp1252"/>
    <property name="java.class.path" value="C:\Users\SwatiChetty\TestAutomationFramework\TestExecutor\target\test-classes;C:\Users\SwatiChetty\TestAutomationFramework\TestExecutor\target\classes;C:\Users\SwatiChetty\.m2\repository\org\testng\testng\7.0.0\testng-7.0.0.jar;C:\Users\SwatiChetty\.m2\repository\com\beust\jcommander\1.72\jcommander-1.72.jar;C:\Users\SwatiChetty\.m2\repository\com\fasterxml\jackson\core\jackson-databind\2.10.1\jackson-databind-2.10.1.jar;C:\Users\SwatiChetty\.m2\repository\com\fasterxml\jackson\core\jackson-annotations\2.10.1\jackson-annotations-2.10.1.jar;C:\Users\SwatiChetty\.m2\repository\com\fasterxml\jackson\core\jackson-core\2.10.1\jackson-core-2.10.1.jar;C:\Users\SwatiChetty\TestAutomationFramework\driverfactory\target\driverFactory-1.0-SNAPSHOT.jar;C:\Users\SwatiChetty\.m2\repository\org\seleniumhq\selenium\selenium-chrome-driver\3.141.59\selenium-chrome-driver-3.141.59.jar;C:\Users\SwatiChetty\.m2\repository\org\seleniumhq\selenium\selenium-api\3.141.59\selenium-api-3.141.59.jar;C:\Users\SwatiChetty\.m2\repository\net\bytebuddy\byte-buddy\1.8.15\byte-buddy-1.8.15.jar;C:\Users\SwatiChetty\.m2\repository\org\apache\commons\commons-exec\1.3\commons-exec-1.3.jar;C:\Users\SwatiChetty\.m2\repository\com\google\guava\guava\25.0-jre\guava-25.0-jre.jar;C:\Users\SwatiChetty\.m2\repository\com\google\code\findbugs\jsr305\1.3.9\jsr305-1.3.9.jar;C:\Users\SwatiChetty\.m2\repository\org\checkerframework\checker-compat-qual\2.0.0\checker-compat-qual-2.0.0.jar;C:\Users\SwatiChetty\.m2\repository\com\google\errorprone\error_prone_annotations\2.1.3\error_prone_annotations-2.1.3.jar;C:\Users\SwatiChetty\.m2\repository\com\google\j2objc\j2objc-annotations\1.1\j2objc-annotations-1.1.jar;C:\Users\SwatiChetty\.m2\repository\org\codehaus\mojo\animal-sniffer-annotations\1.14\animal-sniffer-annotations-1.14.jar;C:\Users\SwatiChetty\.m2\repository\com\squareup\okhttp3\okhttp\3.11.0\okhttp-3.11.0.jar;C:\Users\SwatiChetty\.m2\repository\com\squareup\okio\okio\1.14.0\okio-1.14.0.jar;C:\Users\SwatiChetty\.m2\repository\org\seleniumhq\selenium\selenium-firefox-driver\3.141.59\selenium-firefox-driver-3.141.59.jar;C:\Users\SwatiChetty\.m2\repository\io\github\bonigarcia\webdrivermanager\3.6.2\webdrivermanager-3.6.2.jar;C:\Users\SwatiChetty\.m2\repository\org\slf4j\slf4j-api\1.7.25\slf4j-api-1.7.25.jar;C:\Users\SwatiChetty\.m2\repository\com\google\code\gson\gson\2.8.5\gson-2.8.5.jar;C:\Users\SwatiChetty\.m2\repository\org\apache\commons\commons-lang3\3.8.1\commons-lang3-3.8.1.jar;C:\Users\SwatiChetty\.m2\repository\org\apache\httpcomponents\httpclient\4.5.6\httpclient-4.5.6.jar;C:\Users\SwatiChetty\.m2\repository\org\apache\httpcomponents\httpcore\4.4.10\httpcore-4.4.10.jar;C:\Users\SwatiChetty\.m2\repository\commons-logging\commons-logging\1.2\commons-logging-1.2.jar;C:\Users\SwatiChetty\.m2\repository\org\rauschig\jarchivelib\1.0.0\jarchivelib-1.0.0.jar;C:\Users\SwatiChetty\.m2\repository\io\appium\java-client\7.2.0\java-client-7.2.0.jar;C:\Users\SwatiChetty\.m2\repository\org\seleniumhq\selenium\selenium-java\3.141.59\selenium-java-3.141.59.jar;C:\Users\SwatiChetty\.m2\repository\org\seleniumhq\selenium\selenium-edge-driver\3.141.59\selenium-edge-driver-3.141.59.jar;C:\Users\SwatiChetty\.m2\repository\org\seleniumhq\selenium\selenium-ie-driver\3.141.59\selenium-ie-driver-3.141.59.jar;C:\Users\SwatiChetty\.m2\repository\org\seleniumhq\selenium\selenium-opera-driver\3.141.59\selenium-opera-driver-3.141.59.jar;C:\Users\SwatiChetty\.m2\repository\org\seleniumhq\selenium\selenium-safari-driver\3.141.59\selenium-safari-driver-3.141.59.jar;C:\Users\SwatiChetty\.m2\repository\org\seleniumhq\selenium\selenium-support\3.141.59\selenium-support-3.141.59.jar;C:\Users\SwatiChetty\.m2\repository\cglib\cglib\3.2.12\cglib-3.2.12.jar;C:\Users\SwatiChetty\.m2\repository\org\ow2\asm\asm\7.1\asm-7.1.jar;C:\Users\SwatiChetty\.m2\repository\commons-validator\commons-validator\1.6\commons-validator-1.6.jar;C:\Users\SwatiChetty\.m2\repository\commons-beanutils\commons-beanutils\1.9.2\commons-beanutils-1.9.2.jar;C:\Users\SwatiChetty\.m2\repository\commons-digester\commons-digester\1.8.1\commons-digester-1.8.1.jar;C:\Users\SwatiChetty\.m2\repository\commons-collections\commons-collections\3.2.2\commons-collections-3.2.2.jar;C:\Users\SwatiChetty\.m2\repository\org\springframework\spring-context\5.1.8.RELEASE\spring-context-5.1.8.RELEASE.jar;C:\Users\SwatiChetty\.m2\repository\org\springframework\spring-aop\5.1.8.RELEASE\spring-aop-5.1.8.RELEASE.jar;C:\Users\SwatiChetty\.m2\repository\org\springframework\spring-beans\5.1.8.RELEASE\spring-beans-5.1.8.RELEASE.jar;C:\Users\SwatiChetty\.m2\repository\org\springframework\spring-core\5.1.8.RELEASE\spring-core-5.1.8.RELEASE.jar;C:\Users\SwatiChetty\.m2\repository\org\springframework\spring-jcl\5.1.8.RELEASE\spring-jcl-5.1.8.RELEASE.jar;C:\Users\SwatiChetty\.m2\repository\org\springframework\spring-expression\5.1.8.RELEASE\spring-expression-5.1.8.RELEASE.jar;C:\Users\SwatiChetty\.m2\repository\org\aspectj\aspectjweaver\1.9.4\aspectjweaver-1.9.4.jar;C:\Users\SwatiChetty\.m2\repository\org\seleniumhq\selenium\selenium-remote-driver\3.141.59\selenium-remote-driver-3.141.59.jar;C:\Users\SwatiChetty\TestAutomationFramework\dataprovider\target\dataprovider-1.0-SNAPSHOT.jar;C:\Users\SwatiChetty\.m2\repository\commons-io\commons-io\2.6\commons-io-2.6.jar;C:\Users\SwatiChetty\.m2\repository\org\apache\poi\poi\4.1.2\poi-4.1.2.jar;C:\Users\SwatiChetty\.m2\repository\commons-codec\commons-codec\1.13\commons-codec-1.13.jar;C:\Users\SwatiChetty\.m2\repository\org\apache\commons\commons-collections4\4.4\commons-collections4-4.4.jar;C:\Users\SwatiChetty\.m2\repository\org\apache\commons\commons-math3\3.6.1\commons-math3-3.6.1.jar;C:\Users\SwatiChetty\.m2\repository\com\zaxxer\SparseBitSet\1.2\SparseBitSet-1.2.jar;C:\Users\SwatiChetty\.m2\repository\org\apache\poi\poi-ooxml\4.1.2\poi-ooxml-4.1.2.jar;C:\Users\SwatiChetty\.m2\repository\org\apache\poi\poi-ooxml-schemas\4.1.2\poi-ooxml-schemas-4.1.2.jar;C:\Users\SwatiChetty\.m2\repository\org\apache\xmlbeans\xmlbeans\3.1.0\xmlbeans-3.1.0.jar;C:\Users\SwatiChetty\.m2\repository\org\apache\commons\commons-compress\1.19\commons-compress-1.19.jar;C:\Users\SwatiChetty\.m2\repository\com\github\virtuald\curvesapi\1.06\curvesapi-1.06.jar;C:\Users\SwatiChetty\.m2\repository\org\json\json\20190722\json-20190722.jar;C:\Users\SwatiChetty\.m2\repository\com\googlecode\json-simple\json-simple\1.1.1\json-simple-1.1.1.jar;C:\Users\SwatiChetty\.m2\repository\junit\junit\4.10\junit-4.10.jar;C:\Users\SwatiChetty\.m2\repository\org\hamcrest\hamcrest-core\1.1\hamcrest-core-1.1.jar;C:\Users\SwatiChetty\TestAutomationFramework\reporter\target\reporter-1.0-SNAPSHOT.jar;C:\Users\SwatiChetty\.m2\repository\com\aventstack\extentreports\4.0.9\extentreports-4.0.9.jar;C:\Users\SwatiChetty\.m2\repository\org\mongodb\mongodb-driver\3.3.0\mongodb-driver-3.3.0.jar;C:\Users\SwatiChetty\.m2\repository\org\mongodb\mongodb-driver-core\3.3.0\mongodb-driver-core-3.3.0.jar;C:\Users\SwatiChetty\.m2\repository\org\mongodb\bson\3.3.0\bson-3.3.0.jar;C:\Users\SwatiChetty\.m2\repository\org\apache\httpcomponents\httpmime\4.5.2\httpmime-4.5.2.jar;C:\Users\SwatiChetty\.m2\repository\log4j\log4j\1.2.17\log4j-1.2.17.jar;C:\Users\SwatiChetty\.m2\repository\org\apache\logging\log4j\log4j-core\2.13.0\log4j-core-2.13.0.jar;C:\Users\SwatiChetty\.m2\repository\org\apache\logging\log4j\log4j-api\2.13.0\log4j-api-2.13.0.jar;C:\Users\SwatiChetty\.m2\repository\org\freemarker\freemarker\2.3.23\freemarker-2.3.23.jar;C:\Users\SwatiChetty\.m2\repository\org\jsoup\jsoup\1.8.3\jsoup-1.8.3.jar;C:\Users\SwatiChetty\.m2\repository\com\assertthat\selenium-shutterbug\0.9.3\selenium-shutterbug-0.9.3.jar;C:\Users\SwatiChetty\.m2\repository\org\projectlombok\lombok\1.18.8\lombok-1.18.8.jar;C:\Users\SwatiChetty\.m2\repository\com\github\zafarkhaja\java-semver\0.9.0\java-semver-0.9.0.jar;C:\Users\SwatiChetty\.m2\repository\io\qameta\allure\allure-java-commons\2.12.0\allure-java-commons-2.12.0.jar;C:\Users\SwatiChetty\.m2\repository\io\qameta\allure\allure-model\2.12.0\allure-model-2.12.0.jar;C:\Users\SwatiChetty\.m2\repository\org\apache\tika\tika-core\1.20\tika-core-1.20.jar;C:\Users\SwatiChetty\.m2\repository\org\jooq\joor-java-8\0.9.10\joor-java-8-0.9.10.jar;C:\Users\SwatiChetty\.m2\repository\io\qameta\allure\allure-testng\2.12.0\allure-testng-2.12.0.jar;C:\Users\SwatiChetty\.m2\repository\javax\xml\bind\jaxb-api\2.3.1\jaxb-api-2.3.1.jar;C:\Users\SwatiChetty\.m2\repository\javax\activation\javax.activation-api\1.2.0\javax.activation-api-1.2.0.jar;"/>
    <property name="java.vm.vendor" value="Oracle Corporation"/>
    <property name="sun.arch.data.model" value="64"/>
    <property name="user.variant" value=""/>
    <property name="java.vendor.url" value="http://java.oracle.com/"/>
    <property name="user.timezone" value="Asia/Calcutta"/>
    <property name="java.vm.specification.version" value="1.8"/>
    <property name="os.name" value="Windows 10"/>
    <property name="user.country" value="IN"/>
    <property name="sun.java.launcher" value="SUN_STANDARD"/>
    <property name="sun.boot.library.path" value="C:\Program Files\Java\jdk1.8.0_231\jre\bin"/>
    <property name="sun.java.command" value="C:\Users\SWATIC~1\AppData\Local\Temp\surefire1832779817520001704\surefirebooter8842111111952644423.jar C:\Users\SwatiChetty\AppData\Local\Temp\surefire1832779817520001704 2020-05-20T12-13-01_330-jvmRun1 surefire2418149076063401680tmp surefire_0925547290515277082tmp"/>
    <property name="surefire.test.class.path" value="C:\Users\SwatiChetty\TestAutomationFramework\TestExecutor\target\test-classes;C:\Users\SwatiChetty\TestAutomationFramework\TestExecutor\target\classes;C:\Users\SwatiChetty\.m2\repository\org\testng\testng\7.0.0\testng-7.0.0.jar;C:\Users\SwatiChetty\.m2\repository\com\beust\jcommander\1.72\jcommander-1.72.jar;C:\Users\SwatiChetty\.m2\repository\com\fasterxml\jackson\core\jackson-databind\2.10.1\jackson-databind-2.10.1.jar;C:\Users\SwatiChetty\.m2\repository\com\fasterxml\jackson\core\jackson-annotations\2.10.1\jackson-annotations-2.10.1.jar;C:\Users\SwatiChetty\.m2\repository\com\fasterxml\jackson\core\jackson-core\2.10.1\jackson-core-2.10.1.jar;C:\Users\SwatiChetty\TestAutomationFramework\driverfactory\target\driverFactory-1.0-SNAPSHOT.jar;C:\Users\SwatiChetty\.m2\repository\org\seleniumhq\selenium\selenium-chrome-driver\3.141.59\selenium-chrome-driver-3.141.59.jar;C:\Users\SwatiChetty\.m2\repository\org\seleniumhq\selenium\selenium-api\3.141.59\selenium-api-3.141.59.jar;C:\Users\SwatiChetty\.m2\repository\net\bytebuddy\byte-buddy\1.8.15\byte-buddy-1.8.15.jar;C:\Users\SwatiChetty\.m2\repository\org\apache\commons\commons-exec\1.3\commons-exec-1.3.jar;C:\Users\SwatiChetty\.m2\repository\com\google\guava\guava\25.0-jre\guava-25.0-jre.jar;C:\Users\SwatiChetty\.m2\repository\com\google\code\findbugs\jsr305\1.3.9\jsr305-1.3.9.jar;C:\Users\SwatiChetty\.m2\repository\org\checkerframework\checker-compat-qual\2.0.0\checker-compat-qual-2.0.0.jar;C:\Users\SwatiChetty\.m2\repository\com\google\errorprone\error_prone_annotations\2.1.3\error_prone_annotations-2.1.3.jar;C:\Users\SwatiChetty\.m2\repository\com\google\j2objc\j2objc-annotations\1.1\j2objc-annotations-1.1.jar;C:\Users\SwatiChetty\.m2\repository\org\codehaus\mojo\animal-sniffer-annotations\1.14\animal-sniffer-annotations-1.14.jar;C:\Users\SwatiChetty\.m2\repository\com\squareup\okhttp3\okhttp\3.11.0\okhttp-3.11.0.jar;C:\Users\SwatiChetty\.m2\repository\com\squareup\okio\okio\1.14.0\okio-1.14.0.jar;C:\Users\SwatiChetty\.m2\repository\org\seleniumhq\selenium\selenium-firefox-driver\3.141.59\selenium-firefox-driver-3.141.59.jar;C:\Users\SwatiChetty\.m2\repository\io\github\bonigarcia\webdrivermanager\3.6.2\webdrivermanager-3.6.2.jar;C:\Users\SwatiChetty\.m2\repository\org\slf4j\slf4j-api\1.7.25\slf4j-api-1.7.25.jar;C:\Users\SwatiChetty\.m2\repository\com\google\code\gson\gson\2.8.5\gson-2.8.5.jar;C:\Users\SwatiChetty\.m2\repository\org\apache\commons\commons-lang3\3.8.1\commons-lang3-3.8.1.jar;C:\Users\SwatiChetty\.m2\repository\org\apache\httpcomponents\httpclient\4.5.6\httpclient-4.5.6.jar;C:\Users\SwatiChetty\.m2\repository\org\apache\httpcomponents\httpcore\4.4.10\httpcore-4.4.10.jar;C:\Users\SwatiChetty\.m2\repository\commons-logging\commons-logging\1.2\commons-logging-1.2.jar;C:\Users\SwatiChetty\.m2\repository\org\rauschig\jarchivelib\1.0.0\jarchivelib-1.0.0.jar;C:\Users\SwatiChetty\.m2\repository\io\appium\java-client\7.2.0\java-client-7.2.0.jar;C:\Users\SwatiChetty\.m2\repository\org\seleniumhq\selenium\selenium-java\3.141.59\selenium-java-3.141.59.jar;C:\Users\SwatiChetty\.m2\repository\org\seleniumhq\selenium\selenium-edge-driver\3.141.59\selenium-edge-driver-3.141.59.jar;C:\Users\SwatiChetty\.m2\repository\org\seleniumhq\selenium\selenium-ie-driver\3.141.59\selenium-ie-driver-3.141.59.jar;C:\Users\SwatiChetty\.m2\repository\org\seleniumhq\selenium\selenium-opera-driver\3.141.59\selenium-opera-driver-3.141.59.jar;C:\Users\SwatiChetty\.m2\repository\org\seleniumhq\selenium\selenium-safari-driver\3.141.59\selenium-safari-driver-3.141.59.jar;C:\Users\SwatiChetty\.m2\repository\org\seleniumhq\selenium\selenium-support\3.141.59\selenium-support-3.141.59.jar;C:\Users\SwatiChetty\.m2\repository\cglib\cglib\3.2.12\cglib-3.2.12.jar;C:\Users\SwatiChetty\.m2\repository\org\ow2\asm\asm\7.1\asm-7.1.jar;C:\Users\SwatiChetty\.m2\repository\commons-validator\commons-validator\1.6\commons-validator-1.6.jar;C:\Users\SwatiChetty\.m2\repository\commons-beanutils\commons-beanutils\1.9.2\commons-beanutils-1.9.2.jar;C:\Users\SwatiChetty\.m2\repository\commons-digester\commons-digester\1.8.1\commons-digester-1.8.1.jar;C:\Users\SwatiChetty\.m2\repository\commons-collections\commons-collections\3.2.2\commons-collections-3.2.2.jar;C:\Users\SwatiChetty\.m2\repository\org\springframework\spring-context\5.1.8.RELEASE\spring-context-5.1.8.RELEASE.jar;C:\Users\SwatiChetty\.m2\repository\org\springframework\spring-aop\5.1.8.RELEASE\spring-aop-5.1.8.RELEASE.jar;C:\Users\SwatiChetty\.m2\repository\org\springframework\spring-beans\5.1.8.RELEASE\spring-beans-5.1.8.RELEASE.jar;C:\Users\SwatiChetty\.m2\repository\org\springframework\spring-core\5.1.8.RELEASE\spring-core-5.1.8.RELEASE.jar;C:\Users\SwatiChetty\.m2\repository\org\springframework\spring-jcl\5.1.8.RELEASE\spring-jcl-5.1.8.RELEASE.jar;C:\Users\SwatiChetty\.m2\repository\org\springframework\spring-expression\5.1.8.RELEASE\spring-expression-5.1.8.RELEASE.jar;C:\Users\SwatiChetty\.m2\repository\org\aspectj\aspectjweaver\1.9.4\aspectjweaver-1.9.4.jar;C:\Users\SwatiChetty\.m2\repository\org\seleniumhq\selenium\selenium-remote-driver\3.141.59\selenium-remote-driver-3.141.59.jar;C:\Users\SwatiChetty\TestAutomationFramework\dataprovider\target\dataprovider-1.0-SNAPSHOT.jar;C:\Users\SwatiChetty\.m2\repository\commons-io\commons-io\2.6\commons-io-2.6.jar;C:\Users\SwatiChetty\.m2\repository\org\apache\poi\poi\4.1.2\poi-4.1.2.jar;C:\Users\SwatiChetty\.m2\repository\commons-codec\commons-codec\1.13\commons-codec-1.13.jar;C:\Users\SwatiChetty\.m2\repository\org\apache\commons\commons-collections4\4.4\commons-collections4-4.4.jar;C:\Users\SwatiChetty\.m2\repository\org\apache\commons\commons-math3\3.6.1\commons-math3-3.6.1.jar;C:\Users\SwatiChetty\.m2\repository\com\zaxxer\SparseBitSet\1.2\SparseBitSet-1.2.jar;C:\Users\SwatiChetty\.m2\repository\org\apache\poi\poi-ooxml\4.1.2\poi-ooxml-4.1.2.jar;C:\Users\SwatiChetty\.m2\repository\org\apache\poi\poi-ooxml-schemas\4.1.2\poi-ooxml-schemas-4.1.2.jar;C:\Users\SwatiChetty\.m2\repository\org\apache\xmlbeans\xmlbeans\3.1.0\xmlbeans-3.1.0.jar;C:\Users\SwatiChetty\.m2\repository\org\apache\commons\commons-compress\1.19\commons-compress-1.19.jar;C:\Users\SwatiChetty\.m2\repository\com\github\virtuald\curvesapi\1.06\curvesapi-1.06.jar;C:\Users\SwatiChetty\.m2\repository\org\json\json\20190722\json-20190722.jar;C:\Users\SwatiChetty\.m2\repository\com\googlecode\json-simple\json-simple\1.1.1\json-simple-1.1.1.jar;C:\Users\SwatiChetty\.m2\repository\junit\junit\4.10\junit-4.10.jar;C:\Users\SwatiChetty\.m2\repository\org\hamcrest\hamcrest-core\1.1\hamcrest-core-1.1.jar;C:\Users\SwatiChetty\TestAutomationFramework\reporter\target\reporter-1.0-SNAPSHOT.jar;C:\Users\SwatiChetty\.m2\repository\com\aventstack\extentreports\4.0.9\extentreports-4.0.9.jar;C:\Users\SwatiChetty\.m2\repository\org\mongodb\mongodb-driver\3.3.0\mongodb-driver-3.3.0.jar;C:\Users\SwatiChetty\.m2\repository\org\mongodb\mongodb-driver-core\3.3.0\mongodb-driver-core-3.3.0.jar;C:\Users\SwatiChetty\.m2\repository\org\mongodb\bson\3.3.0\bson-3.3.0.jar;C:\Users\SwatiChetty\.m2\repository\org\apache\httpcomponents\httpmime\4.5.2\httpmime-4.5.2.jar;C:\Users\SwatiChetty\.m2\repository\log4j\log4j\1.2.17\log4j-1.2.17.jar;C:\Users\SwatiChetty\.m2\repository\org\apache\logging\log4j\log4j-core\2.13.0\log4j-core-2.13.0.jar;C:\Users\SwatiChetty\.m2\repository\org\apache\logging\log4j\log4j-api\2.13.0\log4j-api-2.13.0.jar;C:\Users\SwatiChetty\.m2\repository\org\freemarker\freemarker\2.3.23\freemarker-2.3.23.jar;C:\Users\SwatiChetty\.m2\repository\org\jsoup\jsoup\1.8.3\jsoup-1.8.3.jar;C:\Users\SwatiChetty\.m2\repository\com\assertthat\selenium-shutterbug\0.9.3\selenium-shutterbug-0.9.3.jar;C:\Users\SwatiChetty\.m2\repository\org\projectlombok\lombok\1.18.8\lombok-1.18.8.jar;C:\Users\SwatiChetty\.m2\repository\com\github\zafarkhaja\java-semver\0.9.0\java-semver-0.9.0.jar;C:\Users\SwatiChetty\.m2\repository\io\qameta\allure\allure-java-commons\2.12.0\allure-java-commons-2.12.0.jar;C:\Users\SwatiChetty\.m2\repository\io\qameta\allure\allure-model\2.12.0\allure-model-2.12.0.jar;C:\Users\SwatiChetty\.m2\repository\org\apache\tika\tika-core\1.20\tika-core-1.20.jar;C:\Users\SwatiChetty\.m2\repository\org\jooq\joor-java-8\0.9.10\joor-java-8-0.9.10.jar;C:\Users\SwatiChetty\.m2\repository\io\qameta\allure\allure-testng\2.12.0\allure-testng-2.12.0.jar;C:\Users\SwatiChetty\.m2\repository\javax\xml\bind\jaxb-api\2.3.1\jaxb-api-2.3.1.jar;C:\Users\SwatiChetty\.m2\repository\javax\activation\javax.activation-api\1.2.0\javax.activation-api-1.2.0.jar;"/>
    <property name="sun.cpu.endian" value="little"/>
    <property name="user.home" value="C:\Users\SwatiChetty"/>
    <property name="user.language" value="en"/>
    <property name="java.specification.vendor" value="Oracle Corporation"/>
    <property name="java.home" value="C:\Program Files\Java\jdk1.8.0_231\jre"/>
    <property name="basedir" value="C:\Users\SwatiChetty\TestAutomationFramework\TestExecutor"/>
    <property name="file.separator" value="\"/>
    <property name="line.separator" value="&#10;"/>
    <property name="java.vm.specification.vendor" value="Oracle Corporation"/>
    <property name="java.specification.name" value="Java Platform API Specification"/>
    <property name="java.awt.graphicsenv" value="sun.awt.Win32GraphicsEnvironment"/>
    <property name="idea.version2020.1.1" value="true"/>
    <property name="surefire.real.class.path" value="C:\Users\SWATIC~1\AppData\Local\Temp\surefire1832779817520001704\surefirebooter8842111111952644423.jar;C:\Users\SwatiChetty\.m2\repository/org/aspectj/aspectjweaver/1.9.4/aspectjweaver-1.9.4.jar"/>
    <property name="sun.boot.class.path" value="C:\Program Files\Java\jdk1.8.0_231\jre\lib\resources.jar;C:\Program Files\Java\jdk1.8.0_231\jre\lib\rt.jar;C:\Program Files\Java\jdk1.8.0_231\jre\lib\sunrsasign.jar;C:\Program Files\Java\jdk1.8.0_231\jre\lib\jsse.jar;C:\Program Files\Java\jdk1.8.0_231\jre\lib\jce.jar;C:\Program Files\Java\jdk1.8.0_231\jre\lib\charsets.jar;C:\Program Files\Java\jdk1.8.0_231\jre\lib\jfr.jar;C:\Program Files\Java\jdk1.8.0_231\jre\classes"/>
    <property name="user.script" value=""/>
    <property name="sun.management.compiler" value="HotSpot 64-Bit Tiered Compilers"/>
    <property name="java.runtime.version" value="1.8.0_231-b11"/>
    <property name="user.name" value="SwatiChetty"/>
    <property name="path.separator" value=";"/>
    <property name="os.version" value="10.0"/>
    <property name="java.endorsed.dirs" value="C:\Program Files\Java\jdk1.8.0_231\jre\lib\endorsed"/>
    <property name="java.runtime.name" value="Java(TM) SE Runtime Environment"/>
    <property name="file.encoding" value="Cp1252"/>
    <property name="java.vm.name" value="Java HotSpot(TM) 64-Bit Server VM"/>
    <property name="localRepository" value="C:\Users\SwatiChetty\.m2\repository"/>
    <property name="java.vendor.url.bug" value="http://bugreport.sun.com/bugreport/"/>
    <property name="java.io.tmpdir" value="C:\Users\SWATIC~1\AppData\Local\Temp\"/>
    <property name="java.version" value="1.8.0_231"/>
    <property name="user.dir" value="C:\Users\SwatiChetty\TestAutomationFramework\TestExecutor"/>
    <property name="os.arch" value="amd64"/>
    <property name="java.vm.specification.name" value="Java Virtual Machine Specification"/>
    <property name="java.awt.printerjob" value="sun.awt.windows.WPrinterJob"/>
    <property name="sun.os.patch.level" value=""/>
    <property name="java.library.path" value="C:\Program Files\Java\jdk1.8.0_231\jre\bin;C:\WINDOWS\Sun\Java\bin;C:\WINDOWS\system32;C:\WINDOWS;C:\Program Files (x86)\Common Files\Oracle\Java\javapath;C:\Program Files (x86)\Intel\Intel(R) Management Engine Components\iCLS\;C:\Program Files\Intel\Intel(R) Management Engine Components\iCLS\;C:\WINDOWS\system32;C:\WINDOWS;C:\WINDOWS\System32\Wbem;C:\WINDOWS\System32\WindowsPowerShell\v1.0\;C:\WINDOWS\System32\OpenSSH\;C:\Program Files (x86)\Intel\Intel(R) Management Engine Components\DAL;C:\Program Files\Intel\Intel(R) Management Engine Components\DAL;C:\Program Files (x86)\Intel\Intel(R) Management Engine Components\IPT;C:\Program Files\Intel\Intel(R) Management Engine Components\IPT;C:\apache-maven-3.6.3-bin\apache-maven-3.6.3\bin;C:\Program Files\Java\jdk1.8.0_231\bin;C:\Program Files\Git\cmd;C:\Program Files\Perforce;C:\Program Files (x86)\Notepad++;C:\Program Files\Intel\WiFi\bin\;C:\Program Files\Common Files\Intel\WirelessCommon\;C:\Program Files\PuTTY\;C:\Users\SwatiChetty\AppData\Local\Android\Sdk\tools\bin;C:\Users\SwatiChetty\AppData\Local\Android\Sdk\tools;C:\Users\SwatiChetty\AppData\Local\Android\Sdk\platform-tools;C:\Program Files\nodejs\node_modules\npm\bin;C:\Users\SwatiChetty\scoop\apps\allure\2.13.3\bin;C:\Program Files\nodejs\;C:\Users\SwatiChetty\scoop\shims;C:\Program Files\MySQL\MySQL Shell 8.0\bin\;C:\Users\SwatiChetty\AppData\Local\Microsoft\WindowsApps;C:\Program Files\JetBrains\IntelliJ IDEA 2020.1\bin;C:\Users\SwatiChetty\AppData\Roaming\npm;;."/>
    <property name="java.vm.info" value="mixed mode"/>
    <property name="java.vendor" value="Oracle Corporation"/>
    <property name="java.vm.version" value="25.231-b11"/>
    <property name="java.ext.dirs" value="C:\Program Files\Java\jdk1.8.0_231\jre\lib\ext;C:\WINDOWS\Sun\Java\lib\ext"/>
    <property name="sun.io.unicode.encoding" value="UnicodeLittle"/>
    <property name="java.class.version" value="52.0"/>
  </properties>
  <testcase name="testLoginJasmine" classname="com.enquero.webapp.driscolls.tests.TestLoginPage" time="0.066">
    <failure type="java.lang.NullPointerException">java.lang.NullPointerException
	at com.enquero.webapp.driscolls.tests.TestLoginPage.testLoginJasmine(TestLoginPage.java:68)
</failure>
    <system-out><![CDATA[Directory already exists: C:\Users\SwatiChetty\TestAutomationFramework\reporter\src\main\java\com\enquero\Testlogs
logfilepath: C:\Users\SwatiChetty\TestAutomationFramework\reporter\src\main\java\com\enquero\Testlogs\log4j.properties
2020-05-20 12:13:12 INFO  TestLoginPage:41 - main ************* Execution Started *************
data path is C:\Users\SwatiChetty\TestAutomationFramework\TestExecutor\src\main\resources\testData.xlsx
2020-05-20 12:13:13 INFO  TestLoginPage:67 - main Testloginjasmine Test case started
]]></system-out>
    <system-err><![CDATA[SLF4J: Failed to load class "org.slf4j.impl.StaticLoggerBinder".
SLF4J: Defaulting to no-operation (NOP) logger implementation
SLF4J: See http://www.slf4j.org/codes.html#StaticLoggerBinder for further details.
Starting ChromeDriver 81.0.4044.69 (6813546031a4bc83f717a2ef7cd4ac6ec1199132-refs/branch-heads/4044@{#776}) on port 23735
Only local connections are allowed.
Please protect ports used by ChromeDriver and related test frameworks to prevent access by malicious code.
May 20, 2020 12:13:10 PM org.openqa.selenium.remote.ProtocolHandshake createSession
INFO: Detected dialect: W3C
]]></system-err>
  </testcase>
  <testcase name="testLoginJavascript" classname="com.enquero.webapp.driscolls.tests.TestLoginPage" time="12.288">
    <failure type="java.lang.NullPointerException">java.lang.NullPointerException
	at com.enquero.webapp.driscolls.tests.TestLoginPage.testLoginJavascript(TestLoginPage.java:54)
</failure>
    <system-out><![CDATA[2020-05-20 12:13:13 INFO  TestLoginPage:49 - main Javascript tc started
{"password":"123456","username":"SwatiChetty"}
{"textToValidate":"Welcome Vivek!!"}
2020-05-20 12:13:26 INFO  TestLoginPage:53 - main Validation successfull for First tc
]]></system-out>
    <system-err><![CDATA[[1589956994.778][SEVERE]: Timed out receiving message from renderer: 0.100
[1589956994.880][SEVERE]: Timed out receiving message from renderer: 0.100
[1589956994.981][SEVERE]: Timed out receiving message from renderer: 0.100
[1589956995.084][SEVERE]: Timed out receiving message from renderer: 0.100
[1589956995.185][SEVERE]: Timed out receiving message from renderer: 0.100
[1589956995.287][SEVERE]: Timed out receiving message from renderer: 0.100
[1589956995.388][SEVERE]: Timed out receiving message from renderer: 0.100
[1589956995.489][SEVERE]: Timed out receiving message from renderer: 0.100
[1589956995.590][SEVERE]: Timed out receiving message from renderer: 0.100
[1589956995.691][SEVERE]: Timed out receiving message from renderer: 0.100
[1589956995.793][SEVERE]: Timed out receiving message from renderer: 0.100
[1589956995.895][SEVERE]: Timed out receiving message from renderer: 0.100
[1589956996.196][SEVERE]: Timed out receiving message from renderer: 0.100
[1589956996.306][SEVERE]: Timed out receiving message from renderer: 0.100
[1589956996.407][SEVERE]: Timed out receiving message from renderer: 0.100
[1589956996.508][SEVERE]: Timed out receiving message from renderer: 0.100
[1589956996.609][SEVERE]: Timed out receiving message from renderer: 0.100
[1589956996.712][SEVERE]: Timed out receiving message from renderer: 0.100
[1589956996.813][SEVERE]: Timed out receiving message from renderer: 0.100
[1589956996.914][SEVERE]: Timed out receiving message from renderer: 0.100
[1589956997.015][SEVERE]: Timed out receiving message from renderer: 0.100
[1589956997.118][SEVERE]: Timed out receiving message from renderer: 0.100
[1589956997.219][SEVERE]: Timed out receiving message from renderer: 0.100
[1589956997.321][SEVERE]: Timed out receiving message from renderer: 0.100
[1589956997.424][SEVERE]: Timed out receiving message from renderer: 0.100
[1589956997.542][SEVERE]: Timed out receiving message from renderer: 0.100
[1589956997.645][SEVERE]: Timed out receiving message from renderer: 0.100
[1589956997.754][SEVERE]: Timed out receiving message from renderer: 0.100
[1589956997.866][SEVERE]: Timed out receiving message from renderer: 0.100
[1589956997.989][SEVERE]: Timed out receiving message from renderer: 0.100
[1589956998.126][SEVERE]: Timed out receiving message from renderer: 0.100
[1589956998.230][SEVERE]: Timed out receiving message from renderer: 0.100
[1589956998.343][SEVERE]: Timed out receiving message from renderer: 0.100
[1589956998.454][SEVERE]: Timed out receiving message from renderer: 0.100
[1589956998.559][SEVERE]: Timed out receiving message from renderer: 0.100
[1589956998.662][SEVERE]: Timed out receiving message from renderer: 0.100
[1589956998.764][SEVERE]: Timed out receiving message from renderer: 0.100
[1589956998.870][SEVERE]: Timed out receiving message from renderer: 0.100
[1589956998.982][SEVERE]: Timed out receiving message from renderer: 0.100
[1589956999.084][SEVERE]: Timed out receiving message from renderer: 0.100
[1589956999.188][SEVERE]: Timed out receiving message from renderer: 0.100
[1589956999.291][SEVERE]: Timed out receiving message from renderer: 0.100
[1589956999.392][SEVERE]: Timed out receiving message from renderer: 0.100
[1589956999.494][SEVERE]: Timed out receiving message from renderer: 0.100
[1589956999.595][SEVERE]: Timed out receiving message from renderer: 0.100
[1589956999.697][SEVERE]: Timed out receiving message from renderer: 0.100
[1589956999.798][SEVERE]: Timed out receiving message from renderer: 0.100
[1589956999.900][SEVERE]: Timed out receiving message from renderer: 0.100
[1589957000.001][SEVERE]: Timed out receiving message from renderer: 0.100
[1589957000.221][SEVERE]: Timed out receiving message from renderer: 0.100
[1589957000.454][SEVERE]: Timed out receiving message from renderer: 0.100
[1589957000.556][SEVERE]: Timed out receiving message from renderer: 0.100
[1589957000.657][SEVERE]: Timed out receiving message from renderer: 0.100
[1589957000.759][SEVERE]: Timed out receiving message from renderer: 0.100
[1589957000.861][SEVERE]: Timed out receiving message from renderer: 0.100
[1589957000.963][SEVERE]: Timed out receiving message from renderer: 0.100
[1589957001.064][SEVERE]: Timed out receiving message from renderer: 0.100
[1589957001.165][SEVERE]: Timed out receiving message from renderer: 0.100
[1589957001.266][SEVERE]: Timed out receiving message from renderer: 0.100
[1589957001.558][SEVERE]: Timed out receiving message from renderer: 0.100
[1589957001.659][SEVERE]: Timed out receiving message from renderer: 0.100
[1589957001.783][SEVERE]: Timed out receiving message from renderer: 0.100
[1589957001.885][SEVERE]: Timed out receiving message from renderer: 0.100
[1589957001.985][SEVERE]: Timed out receiving message from renderer: 0.100
[1589957002.087][SEVERE]: Timed out receiving message from renderer: 0.100
[1589957002.188][SEVERE]: Timed out receiving message from renderer: 0.100
[1589957002.292][SEVERE]: Timed out receiving message from renderer: 0.100
[1589957002.409][SEVERE]: Timed out receiving message from renderer: 0.100
[1589957002.512][SEVERE]: Timed out receiving message from renderer: 0.100
[1589957002.614][SEVERE]: Timed out receiving message from renderer: 0.100
[1589957002.716][SEVERE]: Timed out receiving message from renderer: 0.100
[1589957002.818][SEVERE]: Timed out receiving message from renderer: 0.100
[1589957002.920][SEVERE]: Timed out receiving message from renderer: 0.100
[1589957003.122][SEVERE]: Timed out receiving message from renderer: 0.100
[1589957003.223][SEVERE]: Timed out receiving message from renderer: 0.100
[1589957003.324][SEVERE]: Timed out receiving message from renderer: 0.100
[1589957003.425][SEVERE]: Timed out receiving message from renderer: 0.100
[1589957003.526][SEVERE]: Timed out receiving message from renderer: 0.100
[1589957003.627][SEVERE]: Timed out receiving message from renderer: 0.100
[1589957003.729][SEVERE]: Timed out receiving message from renderer: 0.100
[1589957003.835][SEVERE]: Timed out receiving message from renderer: 0.100
[1589957003.936][SEVERE]: Timed out receiving message from renderer: 0.100
[1589957004.039][SEVERE]: Timed out receiving message from renderer: 0.100
[1589957004.143][SEVERE]: Timed out receiving message from renderer: 0.100
[1589957004.245][SEVERE]: Timed out receiving message from renderer: 0.100
[1589957004.347][SEVERE]: Timed out receiving message from renderer: 0.100
[1589957004.449][SEVERE]: Timed out receiving message from renderer: 0.100
[1589957004.551][SEVERE]: Timed out receiving message from renderer: 0.100
[1589957004.652][SEVERE]: Timed out receiving message from renderer: 0.100
[1589957004.753][SEVERE]: Timed out receiving message from renderer: 0.100
[1589957004.855][SEVERE]: Timed out receiving message from renderer: 0.100
[1589957004.956][SEVERE]: Timed out receiving message from renderer: 0.100
[1589957005.057][SEVERE]: Timed out receiving message from renderer: 0.100
[1589957005.159][SEVERE]: Timed out receiving message from renderer: 0.100
[1589957005.260][SEVERE]: Timed out receiving message from renderer: 0.100
[1589957005.363][SEVERE]: Timed out receiving message from renderer: 0.100
[1589957005.465][SEVERE]: Timed out receiving message from renderer: 0.100
[1589957005.567][SEVERE]: Timed out receiving message from renderer: 0.100
[1589957005.783][SEVERE]: Timed out receiving message from renderer: 0.100
[1589957005.884][SEVERE]: Timed out receiving message from renderer: 0.100
]]></system-err>
  </testcase>
  <testcase name="testLoginSelenium" classname="com.enquero.webapp.driscolls.tests.TestLoginPage" time="4.443">
    <failure type="java.lang.NullPointerException">java.lang.NullPointerException
	at com.enquero.webapp.driscolls.tests.TestLoginPage.testLoginSelenium(TestLoginPage.java:92)
</failure>
    <system-out><![CDATA[2020-05-20 12:13:26 INFO  TestLoginPage:87 - main Selenium tc started
{"password":"123","username":"Swati"}
{"textToValidate":"Order Create Successfully"}
2020-05-20 12:13:30 INFO  TestLoginPage:91 - main Validation successfull for third tc
]]></system-out>
    <system-err><![CDATA[[1589957007.071][SEVERE]: Timed out receiving message from renderer: 0.100
[1589957007.173][SEVERE]: Timed out receiving message from renderer: 0.100
[1589957007.356][SEVERE]: Timed out receiving message from renderer: 0.100
[1589957007.460][SEVERE]: Timed out receiving message from renderer: 0.100
[1589957007.600][SEVERE]: Timed out receiving message from renderer: 0.100
[1589957007.801][SEVERE]: Timed out receiving message from renderer: 0.100
[1589957007.903][SEVERE]: Timed out receiving message from renderer: 0.100
[1589957008.083][SEVERE]: Timed out receiving message from renderer: 0.100
[1589957008.185][SEVERE]: Timed out receiving message from renderer: 0.100
[1589957008.286][SEVERE]: Timed out receiving message from renderer: 0.100
[1589957008.387][SEVERE]: Timed out receiving message from renderer: 0.100
[1589957008.489][SEVERE]: Timed out receiving message from renderer: 0.100
[1589957008.590][SEVERE]: Timed out receiving message from renderer: 0.100
[1589957008.691][SEVERE]: Timed out receiving message from renderer: 0.100
[1589957008.793][SEVERE]: Timed out receiving message from renderer: 0.100
[1589957008.894][SEVERE]: Timed out receiving message from renderer: 0.100
[1589957008.996][SEVERE]: Timed out receiving message from renderer: 0.100
[1589957009.098][SEVERE]: Timed out receiving message from renderer: 0.100
[1589957009.237][SEVERE]: Timed out receiving message from renderer: 0.100
[1589957009.337][SEVERE]: Timed out receiving message from renderer: 0.100
[1589957009.604][SEVERE]: Timed out receiving message from renderer: 0.100
[1589957009.706][SEVERE]: Timed out receiving message from renderer: 0.100
[1589957009.808][SEVERE]: Timed out receiving message from renderer: 0.100
[1589957009.909][SEVERE]: Timed out receiving message from renderer: 0.100
[1589957010.010][SEVERE]: Timed out receiving message from renderer: 0.100
[1589957010.112][SEVERE]: Timed out receiving message from renderer: 0.100
[1589957010.214][SEVERE]: Timed out receiving message from renderer: 0.100
[1589957010.315][SEVERE]: Timed out receiving message from renderer: 0.100
[1589957010.416][SEVERE]: Timed out receiving message from renderer: 0.100
]]></system-err>
  </testcase>
</testsuite>